<?xml version="1.0" encoding="UTF-8"?>
<!-- Generated by org.testng.reporters.JUnitReportReporter -->
<testsuite hostname="ALORA.local" failures="0" tests="3" name="testcases.ChekOutInformationPageTest" time="53.320" errors="0" timestamp="2024-03-30T23:43:46 IST" skipped="0">
  <testcase classname="testcases.ChekOutInformationPageTest" name="verifyCheckOutInfoPageLabel" time="18.013"/>
  <testcase classname="testcases.ChekOutInformationPageTest" name="inputCheckOutInfo" time="17.663"/>
  <testcase classname="testcases.ChekOutInformationPageTest" name="verifyCheckOutInfoPageURLTest" time="17.644"/>
</testsuite> <!-- testcases.ChekOutInformationPageTest -->
