<?xml version="1.0" encoding="UTF-8"?>
<!-- Generated by org.testng.reporters.JUnitReportReporter -->
<testsuite hostname="ALORA.local" failures="0" tests="2" name="testcases._3_CartPageTest" time="28.003" errors="0" timestamp="2024-04-03T21:48:45 IST" skipped="0">
  <testcase classname="testcases._3_CartPageTest" name="verifyCartPageURLTest" time="15.586">
    <system-out>
      <![CDATA[Cart Page URL is:-https://www.saucedemo.com/cart.html]]>
    </system-out>
  </testcase> <!-- verifyCartPageURLTest -->
  <testcase classname="testcases._3_CartPageTest" name="verifyCartLabelTest" time="12.417">
    <system-out>
      <![CDATA[Cart Page Label is:-Your Cart]]>
    </system-out>
  </testcase> <!-- verifyCartLabelTest -->
  <system-out>
    <![CDATA[Cart Page Label is:-Your Cart
Cart Page URL is:-https://www.saucedemo.com/cart.html
Verified user landed on Check Out Over view pagehttps://www.saucedemo.com/checkout-step-two.html
Check out page labelCheckout: Your Information
URL of check out info pagehttps://www.saucedemo.com/checkout-step-one.html
Check Out OverView Page Label isCheckout: Overview
Check Out OverView Payment Info Label isSauceCard #31337
Check Out OverView shippingInfoLabel isFree Pony Express Delivery!
Current URL of the application is:- https://www.saucedemo.com/inventory.html
Visibility of login logo is:-true
Title of the application is:-Swag Labs
Original URL of the application is:-https://www.saucedemo.com/
Complete Page Complete Label isCheckout: Complete!
Complete Page Header Label isThank you for your order!
Complete Page Text Label isYour order has been dispatched, and will arrive just as fast as the pony can get there!
Check Out Complete Page URL ishttps://www.saucedemo.com/checkout-complete.html
Total product added:-3
Inventory page listing products price in decreasing order:-[49.99, 29.99, 15.99, 15.99, 9.99, 7.99]
Inventory page listing products price in increasing order:-[7.99, 9.99, 15.99, 15.99, 29.99, 49.99]
Inventory page listing products properly:-6
Current URL of the application is:- https://www.saucedemo.com/
Current URL of the application is:- https://www.saucedemo.com/
Current URL of the application is:- https://www.saucedemo.com/]]>
  </system-out>
</testsuite> <!-- testcases._3_CartPageTest -->
