<?xml version="1.0" encoding="UTF-8"?>
<!-- Generated by org.testng.reporters.JUnitReportReporter -->
<testsuite hostname="ALORA.local" failures="0" tests="2" name="testcases.CartPageTest" time="34.094" errors="0" timestamp="2024-03-30T20:59:53 IST" skipped="0">
  <testcase classname="testcases.CartPageTest" name="verifyCartPageURLTest" time="17.552"/>
  <testcase classname="testcases.CartPageTest" name="verifyCartLabelTest" time="16.542"/>
</testsuite> <!-- testcases.CartPageTest -->
