<?xml version="1.0" encoding="UTF-8"?>
<!-- Generated by org.testng.reporters.JUnitReportReporter -->
<testsuite hostname="ALORA.local" failures="1" tests="6" name="testcases.InventoryPageTest" time="95.042" errors="0" timestamp="2024-03-30T19:09:27 IST" skipped="0">
  <testcase classname="testcases.InventoryPageTest" name="verifyInventoryPageTwitterLogoTest" time="15.130">
    <failure message="expected:&lt;true&gt; but was:&lt;false&gt;" type="java.lang.AssertionError">
      <![CDATA[java.lang.AssertionError: expected:<true> but was:<false>
at org.testng.AssertJUnit.fail(AssertJUnit.java:65)
at org.testng.AssertJUnit.failNotEquals(AssertJUnit.java:467)
at org.testng.AssertJUnit.assertEquals(AssertJUnit.java:88)
at org.testng.AssertJUnit.assertEquals(AssertJUnit.java:230)
at org.testng.AssertJUnit.assertEquals(AssertJUnit.java:240)
at testcases.InventoryPageTest.verifyInventoryPageTwitterLogoTest(InventoryPageTest.java:45)
at java.base/jdk.internal.reflect.DirectMethodHandleAccessor.invoke(DirectMethodHandleAccessor.java:104)
at java.base/java.lang.reflect.Method.invoke(Method.java:577)
at org.testng.internal.invokers.MethodInvocationHelper.invokeMethod(MethodInvocationHelper.java:139)
at org.testng.internal.invokers.TestInvoker.invokeMethod(TestInvoker.java:664)
at org.testng.internal.invokers.TestInvoker.invokeTestMethod(TestInvoker.java:228)
at org.testng.internal.invokers.MethodRunner.runInSequence(MethodRunner.java:63)
at org.testng.internal.invokers.TestInvoker$MethodInvocationAgent.invoke(TestInvoker.java:961)
at org.testng.internal.invokers.TestInvoker.invokeTestMethods(TestInvoker.java:201)
at org.testng.internal.invokers.TestMethodWorker.invokeTestMethods(TestMethodWorker.java:148)
at org.testng.internal.invokers.TestMethodWorker.run(TestMethodWorker.java:128)
at java.base/java.util.ArrayList.forEach(ArrayList.java:1511)
at org.testng.TestRunner.privateRun(TestRunner.java:819)
at org.testng.TestRunner.run(TestRunner.java:619)
at org.testng.SuiteRunner.runTest(SuiteRunner.java:443)
at org.testng.SuiteRunner.runSequentially(SuiteRunner.java:437)
at org.testng.SuiteRunner.privateRun(SuiteRunner.java:397)
at org.testng.SuiteRunner.run(SuiteRunner.java:336)
at org.testng.SuiteRunnerWorker.runSuite(SuiteRunnerWorker.java:52)
at org.testng.SuiteRunnerWorker.run(SuiteRunnerWorker.java:95)
at org.testng.TestNG.runSuitesSequentially(TestNG.java:1301)
at org.testng.TestNG.runSuitesLocally(TestNG.java:1228)
at org.testng.TestNG.runSuites(TestNG.java:1134)
at org.testng.TestNG.run(TestNG.java:1101)
at org.testng.remote.AbstractRemoteTestNG.run(AbstractRemoteTestNG.java:115)
at org.testng.remote.RemoteTestNG.initAndRun(RemoteTestNG.java:251)
at org.testng.remote.RemoteTestNG.main(RemoteTestNG.java:77)
]]>
    </failure>
  </testcase> <!-- verifyInventoryPageTwitterLogoTest -->
  <testcase classname="testcases.InventoryPageTest" name="add6ProductsTest" time="18.410">
    <system-out>
      <![CDATA[Total product added:-6]]>
    </system-out>
  </testcase> <!-- add6ProductsTest -->
  <testcase classname="testcases.InventoryPageTest" name="remove2ProductTest" time="16.240">
    <system-out>
      <![CDATA[Count of product after removing:-4]]>
    </system-out>
  </testcase> <!-- remove2ProductTest -->
  <testcase classname="testcases.InventoryPageTest" name="verifyInventoryPageFbLogoTest" time="14.952">
    <system-out>
      <![CDATA[Visibility of FbLogo:-true]]>
    </system-out>
  </testcase> <!-- verifyInventoryPageFbLogoTest -->
  <testcase classname="testcases.InventoryPageTest" name="verifyInventoryPageProductLabelTest" time="15.210">
    <system-out>
      <![CDATA[Inventory Page label:-Products]]>
    </system-out>
  </testcase> <!-- verifyInventoryPageProductLabelTest -->
  <testcase classname="testcases.InventoryPageTest" name="verifyInventoryPageLinkedInLogoTest" time="15.100">
    <system-out>
      <![CDATA[Visibility of LinkedInLogo:-true]]>
    </system-out>
  </testcase> <!-- verifyInventoryPageLinkedInLogoTest -->
  <system-out>
    <![CDATA[Total product added:-6
Count of product after removing:-4
Visibility of FbLogo:-true
Visibility of LinkedInLogo:-true
Inventory Page label:-Products
Current URL of the application is:- https://www.saucedemo.com/inventory.html
Title of the application is:-Swag Labs
Original URL of the application is:-https://www.saucedemo.com/]]>
  </system-out>
</testsuite> <!-- testcases.InventoryPageTest -->
