<?xml version="1.0" encoding="UTF-8"?>
<!-- Generated by org.testng.reporters.JUnitReportReporter -->
<testsuite hostname="ALORA.local" failures="0" tests="4" name="testcases.CheckOutCompletePageTest" time="70.132" errors="0" timestamp="2024-03-31T18:00:37 IST" skipped="0">
  <testcase classname="testcases.CheckOutCompletePageTest" name="verifyCompletePageURLTest" time="16.487"/>
  <testcase classname="testcases.CheckOutCompletePageTest" name="verifyCompletePageTextLabelTest" time="18.879"/>
  <testcase classname="testcases.CheckOutCompletePageTest" name="verifyCompletePageCompleteLabelTest" time="17.337"/>
  <testcase classname="testcases.CheckOutCompletePageTest" name="verifyCompletePageHeaderLabelTest" time="17.429"/>
</testsuite> <!-- testcases.CheckOutCompletePageTest -->
